Command line:
   TBContadorA15_9_isim_beh.exe
     -simmode  gui
     -simrunnum  0
     -socket  58786

Thu Jul 14 18:08:16 2022


 Elaboration Time: 0.03125 sec

 Current Memory Usage: 5150.85 Meg

 Total Signals          : 11
 Total Nets             : 12
 Total Signal Drivers   : 6
 Total Blocks           : 5
 Total Primitive Blocks : 4
 Total Processes        : 4
 Total Traceable Variables  : 11
 Total Scalar Nets and Variables : 391
Total Line Count : 19

 Total Simulation Time: 0.171875 sec

 Current Memory Usage: 5150.85 Meg

Thu Jul 14 18:08:41 2022

