Command line:
   FlipFopJK1_isim_beh.exe
     -simmode  gui
     -simrunnum  0
     -socket  54762

Sun Jul 10 19:45:06 2022


 Elaboration Time: 0.015625 sec

 Current Memory Usage: 5150.23 Meg

 Total Signals          : 5
 Total Nets             : 5
 Total Signal Drivers   : 2
 Total Blocks           : 4
 Total Primitive Blocks : 4
 Total Processes        : 1
 Total Traceable Variables  : 10
 Total Scalar Nets and Variables : 383
Total Line Count : 8
Total Line Count : 8

 Total Simulation Time: 0.28125 sec

 Current Memory Usage: 4992.94 Meg

Sun Jul 10 19:46:35 2022

