Command line:
   TBFlipFlopJK_isim_beh.exe
     -simmode  gui
     -simrunnum  0
     -socket  56552

Thu Jul 14 07:18:57 2022


 Elaboration Time: 0.015625 sec

 Current Memory Usage: 5150.87 Meg

 Total Signals          : 10
 Total Nets             : 5
 Total Signal Drivers   : 5
 Total Blocks           : 5
 Total Primitive Blocks : 4
 Total Processes        : 3
 Total Traceable Variables  : 11
 Total Scalar Nets and Variables : 384
Total Line Count : 25

 Total Simulation Time: 0.0625 sec

 Current Memory Usage: 5150.87 Meg

Thu Jul 14 07:19:03 2022

