Command line:
   TBIntegracionConPins_isim_beh.exe
     -simmode  gui
     -simrunnum  0
     -socket  59607

Fri Jul 29 07:03:53 2022


 Elaboration Time: 0.03125 sec

 Current Memory Usage: 5150.26 Meg

 Total Signals          : 6
 Total Nets             : 7
 Total Signal Drivers   : 3
 Total Blocks           : 5
 Total Primitive Blocks : 4
 Total Processes        : 4
 Total Traceable Variables  : 11
 Total Scalar Nets and Variables : 386
Total Line Count : 18

 Total Simulation Time: 0.078125 sec

 Current Memory Usage: 5150.26 Meg

Fri Jul 29 07:04:07 2022

