Command line:
   p_isim_beh.exe
     -simmode  gui
     -simrunnum  0
     -socket  56041

Thu Jul 28 15:00:58 2022


 Elaboration Time: 0.03125 sec

 Current Memory Usage: 5150.88 Meg

 Total Signals          : 17
 Total Nets             : 24
 Total Signal Drivers   : 9
 Total Blocks           : 6
 Total Primitive Blocks : 5
 Total Processes        : 11
 Total Traceable Variables  : 29
 Total Scalar Nets and Variables : 483
Total Line Count : 24

 Total Simulation Time: 0.03125 sec

 Current Memory Usage: 5150.88 Meg

Thu Jul 28 15:01:07 2022

