Command line:
   TBContadorAscendenteDescendente8_isim_beh.exe
     -simmode  gui
     -simrunnum  0
     -socket  58766

Thu Jul 14 18:01:36 2022


 Elaboration Time: 0.03125 sec

 Current Memory Usage: 5150.84 Meg

 Total Signals          : 7
 Total Nets             : 6
 Total Signal Drivers   : 4
 Total Blocks           : 5
 Total Primitive Blocks : 4
 Total Processes        : 4
 Total Traceable Variables  : 11
 Total Scalar Nets and Variables : 385
Total Line Count : 14

 Total Simulation Time: 0.03125 sec

 Current Memory Usage: 5150.84 Meg

Thu Jul 14 18:01:52 2022

