Command line:
   TBContadorSecuencial6_isim_beh.exe
     -simmode  gui
     -simrunnum  0
     -socket  58725

Thu Jul 14 17:51:23 2022


 Elaboration Time: 0.03125 sec

 Current Memory Usage: 5150.29 Meg

 Total Signals          : 7
 Total Nets             : 8
 Total Signal Drivers   : 4
 Total Blocks           : 5
 Total Primitive Blocks : 4
 Total Processes        : 4
 Total Traceable Variables  : 11
 Total Scalar Nets and Variables : 387
Total Line Count : 14

 Total Simulation Time: 0.0625 sec

 Current Memory Usage: 5150.29 Meg

Thu Jul 14 17:51:47 2022

