Command line:
   TBDiagramaDeEstados14_isim_beh.exe
     -simmode  gui
     -simrunnum  0
     -socket  58861

Thu Jul 14 18:30:09 2022


 Elaboration Time: 0.0625 sec

 Current Memory Usage: 5150.78 Meg

 Total Signals          : 8
 Total Nets             : 7
 Total Signal Drivers   : 5
 Total Blocks           : 3
 Total Primitive Blocks : 2
 Total Processes        : 4
 Total Traceable Variables  : 9
 Total Scalar Nets and Variables : 368
Total Line Count : 44

 Total Simulation Time: 0.0625 sec

 Current Memory Usage: 5150.78 Meg

Thu Jul 14 18:30:20 2022

