Command line:
   TBCronometro11_isim_beh.exe
     -simmode  gui
     -simrunnum  0
     -socket  58814

Thu Jul 14 18:16:11 2022


 Elaboration Time: 0.03125 sec

 Current Memory Usage: 5150.87 Meg

 Total Signals          : 12
 Total Nets             : 31
 Total Signal Drivers   : 7
 Total Blocks           : 5
 Total Primitive Blocks : 4
 Total Processes        : 5
 Total Traceable Variables  : 11
 Total Scalar Nets and Variables : 410
Total Line Count : 40

 Total Simulation Time: 0.328125 sec

 Current Memory Usage: 5465.44 Meg

Thu Jul 14 18:17:00 2022

