Command line:
   TBContadorA9_10_isim_beh.exe
     -simmode  gui
     -simrunnum  0
     -socket  58801

Thu Jul 14 18:12:30 2022


 Elaboration Time: 0.03125 sec

 Current Memory Usage: 5150.86 Meg

 Total Signals          : 11
 Total Nets             : 12
 Total Signal Drivers   : 6
 Total Blocks           : 5
 Total Primitive Blocks : 4
 Total Processes        : 4
 Total Traceable Variables  : 11
 Total Scalar Nets and Variables : 391
Total Line Count : 25

 Total Simulation Time: 0.546875 sec

 Current Memory Usage: 5150.86 Meg

Thu Jul 14 18:12:56 2022

