Running: C:\Xilinx\14.7\ISE_DS\ISE\bin\nt64\unwrapped\fuse.exe -intstyle ise -incremental -o D:/circuitos/alu/asignar_isim_beh.exe -prj D:/circuitos/alu/asignar_beh.prj work.asignar 
ISim P.20131013 (signature 0x7708f090)
Number of CPUs detected in this system: 8
Turning on mult-threading, number of parallel sub-compilation jobs: 16 
Determining compilation order of HDL files
Parsing VHDL file "D:/circuitos/alu/alu.vhd" into library work
Parsing VHDL file "D:/circuitos/alu/asignar.vhd" into library work
Starting static elaboration
Completed static elaboration
Compiling package standard
Compiling package std_logic_1164
Compiling package numeric_std
Compiling architecture behavioral of entity alu [alu_default]
Compiling architecture behavior of entity asignar
Time Resolution for simulation is 1ps.
Waiting for 1 sub-compilation(s) to finish...
Compiled 6 VHDL Units
Built simulation executable D:/circuitos/alu/asignar_isim_beh.exe
Fuse Memory Usage: 36552 KB
Fuse CPU Usage: 437 ms
