Command line:
   TBContadorA245_12_isim_beh.exe
     -simmode  gui
     -simrunnum  0
     -socket  58830

Thu Jul 14 18:20:30 2022


 Elaboration Time: 0.03125 sec

 Current Memory Usage: 5150.88 Meg

 Total Signals          : 17
 Total Nets             : 46
 Total Signal Drivers   : 10
 Total Blocks           : 5
 Total Primitive Blocks : 4
 Total Processes        : 6
 Total Traceable Variables  : 11
 Total Scalar Nets and Variables : 425
Total Line Count : 58

 Total Simulation Time: 0.03125 sec

 Current Memory Usage: 5150.88 Meg

Thu Jul 14 18:20:41 2022

