Command line:
   TBFlipFlopT2_isim_beh.exe
     -simmode  gui
     -simrunnum  0
     -socket  58285

Thu Jul 14 14:14:01 2022


 Elaboration Time: 0.03125 sec

 Current Memory Usage: 5150.15 Meg

 Total Signals          : 9
 Total Nets             : 5
 Total Signal Drivers   : 5
 Total Blocks           : 3
 Total Primitive Blocks : 2
 Total Processes        : 3
 Total Traceable Variables  : 9
 Total Scalar Nets and Variables : 366
Total Line Count : 24

 Total Simulation Time: 0.0625 sec

 Current Memory Usage: 5150.15 Meg

Thu Jul 14 14:14:17 2022

