Command line:
   TBDiagramaDesEstado13_isim_beh.exe
     -simmode  gui
     -simrunnum  0
     -socket  58845

Thu Jul 14 18:25:37 2022


 Elaboration Time: 0.03125 sec

 Current Memory Usage: 5150.16 Meg

 Total Signals          : 8
 Total Nets             : 5
 Total Signal Drivers   : 5
 Total Blocks           : 3
 Total Primitive Blocks : 2
 Total Processes        : 4
 Total Traceable Variables  : 9
 Total Scalar Nets and Variables : 366
Total Line Count : 29

 Total Simulation Time: 0.25 sec

 Current Memory Usage: 5464.73 Meg

Thu Jul 14 18:26:09 2022

